<?xml version="1.0" encoding="UTF-8"?>
<testsuite xmlns:xsi="http://www.w3.org/2001/XMLSchema-instance" xsi:noNamespaceSchemaLocation="https://maven.apache.org/surefire/maven-surefire-plugin/xsd/surefire-test-report-3.0.xsd" version="3.0" name="com.grindsup.backend.BackendApplicationTests" time="5.597" tests="1" errors="0" skipped="0" failures="0">
  <properties>
[...]
</properties>
  <testcase name="contextLoads" classname="com.grindsup.backend.BackendApplicationTests" time="0.436">
    <system-out><![CDATA[15:15:29.062 [main] INFO org.springframework.test.context.support.AnnotationConfigContextLoaderUtils -- Could not detect default configuration classes for test class [com.grindsup.backend.BackendApplicationTests]: BackendApplicationTests does not declare any static, non-private, non-final, nested classes annotated with @Configuration.
15:15:29.162 [main] INFO org.springframework.boot.test.context.SpringBootTestContextBootstrapper -- Found @SpringBootConfiguration com.grindsup.backend.GrindSupBackendApplication for test class com.grindsup.backend.BackendApplicationTests

  .   ____          _            __ _ _
 /\\ / ___'_ __ _ _(_)_ __  __ _ \ \ \ \
( ( )\___ | '_ | '_| | '_ \/ _` | \ \ \ \
 \\/  ___)| |_)| | | | | || (_| |  ) ) ) )
  '  |____| .__|_| |_|_| |_\__, | / / / /
 =========|_|==============|___/=/_/_/_/

 :: Spring Boot ::                (v3.3.3)

2025-09-19T15:15:29.595-03:00  INFO 11272 --- [backend] [           main] c.g.backend.BackendApplicationTests      : Starting BackendApplicationTests using Java 17.0.16 with PID 11272 (started by betin in C:\Users\betin\OneDrive\Escritorio\GrindSup\GrindSup\backend)
2025-09-19T15:15:29.595-03:00 DEBUG 11272 --- [backend] [           main] c.g.backend.BackendApplicationTests      : Running with Spring Boot v3.3.3, Spring v6.1.12
2025-09-19T15:15:29.595-03:00  INFO 11272 --- [backend] [           main] c.g.backend.BackendApplicationTests      : No active profile set, falling back to 1 default profile: "default"
2025-09-19T15:15:29.642-03:00 DEBUG 11272 --- [backend] [           main] o.s.w.c.s.GenericWebApplicationContext   : Refreshing org.springframework.web.context.support.GenericWebApplicationContext@51a06cbe
2025-09-19T15:15:30.312-03:00  INFO 11272 --- [backend] [           main] .s.d.r.c.RepositoryConfigurationDelegate : Bootstrapping Spring Data JPA repositories in DEFAULT mode.
2025-09-19T15:15:30.400-03:00  INFO 11272 --- [backend] [           main] .s.d.r.c.RepositoryConfigurationDelegate : Finished Spring Data repository scanning in 92 ms. Found 13 JPA repository interfaces.
2025-09-19T15:15:31.379-03:00  INFO 11272 --- [backend] [           main] o.s.o.j.p.SpringPersistenceUnitInfo      : No LoadTimeWeaver setup: ignoring JPA class transformer
2025-09-19T15:15:31.415-03:00  INFO 11272 --- [backend] [           main] com.zaxxer.hikari.HikariDataSource       : HikariPool-1 - Starting...
2025-09-19T15:15:31.610-03:00  INFO 11272 --- [backend] [           main] com.zaxxer.hikari.pool.HikariPool        : HikariPool-1 - Added connection com.mysql.cj.jdbc.ConnectionImpl@77cddc0c
2025-09-19T15:15:31.610-03:00  INFO 11272 --- [backend] [           main] com.zaxxer.hikari.HikariDataSource       : HikariPool-1 - Start completed.
2025-09-19T15:15:32.820-03:00 DEBUG 11272 --- [backend] [           main] org.hibernate.SQL                        : 
    alter table alumnos 
       modify column lesiones TEXT
Hibernate: 
    alter table alumnos 
       modify column lesiones TEXT
2025-09-19T15:15:32.836-03:00 DEBUG 11272 --- [backend] [           main] org.hibernate.SQL                        : 
    alter table ejercicios 
       modify column descripcion TEXT
Hibernate: 
    alter table ejercicios 
       modify column descripcion TEXT
2025-09-19T15:15:32.847-03:00 DEBUG 11272 --- [backend] [           main] org.hibernate.SQL                        : 
    alter table entrenadores 
       modify column experiencia TEXT
Hibernate: 
    alter table entrenadores 
       modify column experiencia TEXT
2025-09-19T15:15:32.861-03:00 DEBUG 11272 --- [backend] [           main] org.hibernate.SQL                        : 
    alter table planes_entrenamiento 
       modify column objetivo TEXT
Hibernate: 
    alter table planes_entrenamiento 
       modify column objetivo TEXT
2025-09-19T15:15:32.873-03:00 DEBUG 11272 --- [backend] [           main] org.hibernate.SQL                        : 
    alter table rutinas 
       modify column descripcion TEXT
Hibernate: 
    alter table rutinas 
       modify column descripcion TEXT
2025-09-19T15:15:32.908-03:00 DEBUG 11272 --- [backend] [           main] org.hibernate.SQL                        : 
    alter table sesiones 
       modify column dispositivo TEXT
Hibernate: 
    alter table sesiones 
       modify column dispositivo TEXT
2025-09-19T15:15:32.917-03:00 DEBUG 11272 --- [backend] [           main] org.hibernate.SQL                        : 
    alter table tipos_turno 
       modify column descripcion TEXT
Hibernate: 
    alter table tipos_turno 
       modify column descripcion TEXT
2025-09-19T15:15:32.928-03:00 DEBUG 11272 --- [backend] [           main] org.hibernate.SQL                        : 
    alter table usuarios 
       modify column contrasena TEXT not null
Hibernate: 
    alter table usuarios 
       modify column contrasena TEXT not null
2025-09-19T15:15:32.940-03:00 DEBUG 11272 --- [backend] [           main] org.hibernate.SQL                        : 
    alter table usuarios 
       modify column foto_perfil TEXT
Hibernate: 
    alter table usuarios 
       modify column foto_perfil TEXT
2025-09-19T15:15:33.033-03:00  INFO 11272 --- [backend] [           main] j.LocalContainerEntityManagerFactoryBean : Initialized JPA EntityManagerFactory for persistence unit 'default'
2025-09-19T15:15:33.572-03:00  WARN 11272 --- [backend] [           main] JpaBaseConfiguration$JpaWebConfiguration : spring.jpa.open-in-view is enabled by default. Therefore, database queries may be performed during view rendering. Explicitly configure spring.jpa.open-in-view to disable this warning
2025-09-19T15:15:33.686-03:00 DEBUG 11272 --- [backend] [           main] s.w.s.m.m.a.RequestMappingHandlerMapping : 69 mappings in 'requestMappingHandlerMapping'
2025-09-19T15:15:33.822-03:00 DEBUG 11272 --- [backend] [           main] o.s.w.s.handler.SimpleUrlHandlerMapping  : Patterns [/webjars/**, /**] in 'resourceHandlerMapping'
2025-09-19T15:15:33.863-03:00 DEBUG 11272 --- [backend] [           main] s.w.s.m.m.a.RequestMappingHandlerAdapter : ControllerAdvice beans: 0 @ModelAttribute, 0 @InitBinder, 1 RequestBodyAdvice, 1 ResponseBodyAdvice
2025-09-19T15:15:33.917-03:00 DEBUG 11272 --- [backend] [           main] .m.m.a.ExceptionHandlerExceptionResolver : ControllerAdvice beans: 0 @ExceptionHandler, 1 ResponseBodyAdvice
2025-09-19T15:15:34.051-03:00  INFO 11272 --- [backend] [           main] c.g.backend.BackendApplicationTests      : Started BackendApplicationTests in 4.719 seconds (process running for 5.583)
]]></system-out>
  </testcase>
</testsuite>